This is pdfTeX, Version 3.14159265-2.6-1.40.15 (TeX Live 2014/W32TeX) (preloaded format=pdflatex 2014.6.17)  27 OCT 2017 14:39
entering extended mode
 restricted \write18 enabled.
 %&-line parsing enabled.
**main.tex
(./main.tex
LaTeX2e <2014/05/01>
Babel <3.9k> and hyphenation patterns for 78 languages loaded.
(c:/texlive/2014/texmf-dist/tex/latex/base/book.cls
Document Class: book 2007/10/19 v1.4h Standard LaTeX document class
(c:/texlive/2014/texmf-dist/tex/latex/base/bk11.clo
File: bk11.clo 2007/10/19 v1.4h Standard LaTeX file (size option)
)
\c@part=\count79
\c@chapter=\count80
\c@section=\count81
\c@subsection=\count82
\c@subsubsection=\count83
\c@paragraph=\count84
\c@subparagraph=\count85
\c@figure=\count86
\c@table=\count87
\abovecaptionskip=\skip41
\belowcaptionskip=\skip42
\bibindent=\dimen102
)
(c:/texlive/2014/texmf-dist/tex/latex/cmap/cmap.sty
Package: cmap 2008/03/06 v1.0h CMap support: searchable PDF
)
(c:/texlive/2014/texmf-dist/tex/latex/t2/mathtext.sty
Package: mathtext 1999/01/28 v1.0 transparent text-and-math defs
LaTeX Info: Redefining \halign on input line 111.
)
(c:/texlive/2014/texmf-dist/tex/latex/base/fontenc.sty
Package: fontenc 2005/09/27 v1.99g Standard LaTeX package

(c:/texlive/2014/texmf-dist/tex/latex/cyrillic/t2aenc.def
File: t2aenc.def 2005/09/27 v1.0i Cyrillic encoding definition file
\symT2Aletters=\mathgroup4
)
LaTeX Font Info:    Try loading font information for T2A+cmr on input line 100.


(c:/texlive/2014/texmf-dist/tex/latex/cyrillic/t2acmr.fd
File: t2acmr.fd 2001/08/11 v1.0a Computer Modern Cyrillic font definitions
)<<t2a.cmap>>)
(c:/texlive/2014/texmf-dist/tex/latex/base/inputenc.sty
Package: inputenc 2014/04/30 v1.2b Input encoding file
\inpenc@prehook=\toks14
\inpenc@posthook=\toks15

(c:/texlive/2014/texmf-dist/tex/latex/cyrillic/cp1251.def
File: cp1251.def 1999/11/16 v1.0d Input encoding file
))
(c:/texlive/2014/texmf-dist/tex/generic/babel/babel.sty
Package: babel 2014/03/24 3.9k The Babel package

(c:/texlive/2014/texmf-dist/tex/generic/babel-russian/russianb.ldf
Language: russian 2013/04/13 1.3a Russian support from the babel system

(c:/texlive/2014/texmf-dist/tex/generic/babel/babel.def
File: babel.def 2014/03/24 3.9k Babel common definitions
\babel@savecnt=\count88
\U@D=\dimen103
)
Package babel Info: Making " an active character on input line 147.
)
(c:/texlive/2014/texmf-dist/tex/generic/babel-english/english.ldf
Language: english 2012/08/20 v3.3p English support from the babel system
\l@canadian = a dialect from \language\l@american 
\l@australian = a dialect from \language\l@british 
\l@newzealand = a dialect from \language\l@british 
))
(c:/texlive/2014/texmf-dist/tex/latex/tools/indentfirst.sty
Package: indentfirst 1995/11/23 v1.03 Indent first paragraph (DPC)
)
(c:/texlive/2014/texmf-dist/tex/latex/t2/misccorr.sty
Package: misccorr 1999/09/23 v0.1 misc corrections for russian typesetting

(c:/texlive/2014/texmf-dist/tex/latex/amsfonts/amssymb.sty
Package: amssymb 2013/01/14 v3.01 AMS font symbols

(c:/texlive/2014/texmf-dist/tex/latex/amsfonts/amsfonts.sty
Package: amsfonts 2013/01/14 v3.01 Basic AMSFonts support
\@emptytoks=\toks16
\symAMSa=\mathgroup5
\symAMSb=\mathgroup6
LaTeX Font Info:    Overwriting math alphabet `\mathfrak' in version `bold'
(Font)                  U/euf/m/n --> U/euf/b/n on input line 106.
))
(c:/texlive/2014/texmf-dist/tex/latex/tools/enumerate.sty
Package: enumerate 1999/03/05 v3.00 enumerate extensions (DPC)
\@enLab=\toks17
)
\c@rlistctr=\count89
)
(c:/texlive/2014/texmf-dist/tex/latex/caption/caption.sty
Package: caption 2013/05/02 v3.3-89 Customizing captions (AR)

(c:/texlive/2014/texmf-dist/tex/latex/caption/caption3.sty
Package: caption3 2013/05/02 v1.6-88 caption3 kernel (AR)
Package caption3 Info: TeX engine: e-TeX on input line 57.

(c:/texlive/2014/texmf-dist/tex/latex/graphics/keyval.sty
Package: keyval 2014/05/08 v1.15 key=value parser (DPC)
\KV@toks@=\toks18
)
\captionmargin=\dimen104
\captionmargin@=\dimen105
\captionwidth=\dimen106
\caption@tempdima=\dimen107
\caption@indent=\dimen108
\caption@parindent=\dimen109
\caption@hangindent=\dimen110
Package caption Info: Unknown document class (or package),
(caption)             standard defaults will be used.
)

Package caption Warning: Unsupported document class (or package) detected,
(caption)                usage of the caption package is not recommended.
See the caption package documentation for explanation.

Package caption Info: \@makecaption = \long macro:#1#2->\vskip \abovecaptionski
p \sbox \@tempboxa {#1. #2}\ifdim \wd \@tempboxa >\hsize #1. #2\par \else \glob
al \@minipagefalse \hb@xt@ \hsize {\hfil \box \@tempboxa \hfil }\fi \vskip \bel
owcaptionskip .
\c@ContinuedFloat=\count90
) (c:/texlive/2014/texmf-dist/tex/latex/cite/cite.sty
LaTeX Info: Redefining \cite on input line 302.
LaTeX Info: Redefining \nocite on input line 373.
Package: cite 2010/09/10  v 5.3
)
(c:/texlive/2014/texmf-dist/tex/latex/tools/array.sty
Package: array 2008/09/09 v2.4c Tabular extension package (FMi)
\col@sep=\dimen111
\extrarowheight=\dimen112
\NC@list=\toks19
\extratabsurround=\skip43
\backup@length=\skip44
)
(c:/texlive/2014/texmf-dist/tex/latex/amsmath/amsmath.sty
Package: amsmath 2013/01/14 v2.14 AMS math features
\@mathmargin=\skip45

For additional information on amsmath, use the `?' option.
(c:/texlive/2014/texmf-dist/tex/latex/amsmath/amstext.sty
Package: amstext 2000/06/29 v2.01

(c:/texlive/2014/texmf-dist/tex/latex/amsmath/amsgen.sty
File: amsgen.sty 1999/11/30 v2.0
\@emptytoks=\toks20
\ex@=\dimen113
))
(c:/texlive/2014/texmf-dist/tex/latex/amsmath/amsbsy.sty
Package: amsbsy 1999/11/29 v1.2d
\pmbraise@=\dimen114
)
(c:/texlive/2014/texmf-dist/tex/latex/amsmath/amsopn.sty
Package: amsopn 1999/12/14 v2.01 operator names
)
\inf@bad=\count91
LaTeX Info: Redefining \frac on input line 210.
\uproot@=\count92
\leftroot@=\count93
LaTeX Info: Redefining \overline on input line 306.
\classnum@=\count94
\DOTSCASE@=\count95
LaTeX Info: Redefining \ldots on input line 378.
LaTeX Info: Redefining \dots on input line 381.
LaTeX Info: Redefining \cdots on input line 466.
\Mathstrutbox@=\box26
\strutbox@=\box27
\big@size=\dimen115
LaTeX Font Info:    Redeclaring font encoding OML on input line 566.
\symOMLletters=\mathgroup7
LaTeX Font Info:    Redeclaring font encoding OMS on input line 567.
\symOMSletters=\mathgroup8
\macc@depth=\count96
\c@MaxMatrixCols=\count97
\dotsspace@=\muskip10
\c@parentequation=\count98
\dspbrk@lvl=\count99
\tag@help=\toks21
\row@=\count100
\column@=\count101
\maxfields@=\count102
\andhelp@=\toks22
\eqnshift@=\dimen116
\alignsep@=\dimen117
\tagshift@=\dimen118
\tagwidth@=\dimen119
\totwidth@=\dimen120
\lineht@=\dimen121
\@envbody=\toks23
\multlinegap=\skip46
\multlinetaggap=\skip47
\mathdisplay@stack=\toks24
LaTeX Info: Redefining \[ on input line 2665.
LaTeX Info: Redefining \] on input line 2666.
)
(c:/texlive/2014/texmf-dist/tex/latex/amscls/amsthm.sty
Package: amsthm 2004/08/06 v2.20
\thm@style=\toks25
\thm@bodyfont=\toks26
\thm@headfont=\toks27
\thm@notefont=\toks28
\thm@headpunct=\toks29
\thm@preskip=\skip48
\thm@postskip=\skip49
\thm@headsep=\skip50
\dth@everypar=\toks30
)
(c:/texlive/2014/texmf-dist/tex/latex/graphics/graphicx.sty
Package: graphicx 2014/04/25 v1.0g Enhanced LaTeX Graphics (DPC,SPQR)

(c:/texlive/2014/texmf-dist/tex/latex/graphics/graphics.sty
Package: graphics 2009/02/05 v1.0o Standard LaTeX Graphics (DPC,SPQR)

(c:/texlive/2014/texmf-dist/tex/latex/graphics/trig.sty
Package: trig 1999/03/16 v1.09 sin cos tan (DPC)
)
(c:/texlive/2014/texmf-dist/tex/latex/latexconfig/graphics.cfg
File: graphics.cfg 2010/04/23 v1.9 graphics configuration of TeX Live
)
Package graphics Info: Driver file: pdftex.def on input line 91.

(c:/texlive/2014/texmf-dist/tex/latex/pdftex-def/pdftex.def
File: pdftex.def 2011/05/27 v0.06d Graphics/color for pdfTeX

(c:/texlive/2014/texmf-dist/tex/generic/oberdiek/infwarerr.sty
Package: infwarerr 2010/04/08 v1.3 Providing info/warning/error messages (HO)
)
(c:/texlive/2014/texmf-dist/tex/generic/oberdiek/ltxcmds.sty
Package: ltxcmds 2011/11/09 v1.22 LaTeX kernel commands for general use (HO)
)
\Gread@gobject=\count103
))
\Gin@req@height=\dimen122
\Gin@req@width=\dimen123
)
(c:/texlive/2014/texmf-dist/tex/latex/units/nicefrac.sty
Package: nicefrac 1998/08/04 v0.9b Nice fractions
\L@UnitsRaiseDisplaystyle=\skip51
\L@UnitsRaiseTextstyle=\skip52
\L@UnitsRaiseScriptstyle=\skip53

(c:/texlive/2014/texmf-dist/tex/latex/base/ifthen.sty
Package: ifthen 2001/05/26 v1.1c Standard LaTeX ifthen package (DPC)
))
(c:/texlive/2014/texmf-dist/tex/latex/wrapfig/wrapfig.sty
\wrapoverhang=\dimen124
\WF@size=\dimen125
\c@WF@wrappedlines=\count104
\WF@box=\box28
\WF@everypar=\toks31
Package: wrapfig 2003/01/31  v 3.6
)
(c:/texlive/2014/texmf-dist/tex/latex/fancybox/fancybox.sty
Package: fancybox 2010/05/15 1.4

Style option: `fancybox' v1.4 <2010/05/15> (tvz)
\@fancybox=\box29
\shadowsize=\dimen126
\@Sbox=\box30
\do@VerbBox=\toks32
\the@fancyput=\toks33
\this@fancyput=\toks34
\EndVerbatimTokens=\toks35
\Verbatim@Outfile=\write3
\Verbatim@Infile=\read1
) (c:/texlive/2014/texmf-dist/tex/latex/multirow/multirow.sty
\bigstrutjot=\dimen127
)
(c:/texlive/2014/texmf-dist/tex/latex/pgf/frontendlayer/tikz.sty
(c:/texlive/2014/texmf-dist/tex/latex/pgf/basiclayer/pgf.sty
(c:/texlive/2014/texmf-dist/tex/latex/pgf/utilities/pgfrcs.sty
(c:/texlive/2014/texmf-dist/tex/generic/pgf/utilities/pgfutil-common.tex
\pgfutil@everybye=\toks36
\pgfutil@tempdima=\dimen128
\pgfutil@tempdimb=\dimen129

(c:/texlive/2014/texmf-dist/tex/generic/pgf/utilities/pgfutil-common-lists.tex)
) (c:/texlive/2014/texmf-dist/tex/generic/pgf/utilities/pgfutil-latex.def
\pgfutil@abb=\box31

(c:/texlive/2014/texmf-dist/tex/latex/ms/everyshi.sty
Package: everyshi 2001/05/15 v3.00 EveryShipout Package (MS)
))
(c:/texlive/2014/texmf-dist/tex/generic/pgf/utilities/pgfrcs.code.tex
Package: pgfrcs 2013/12/20 v3.0.0 (rcs-revision 1.28)
))
Package: pgf 2013/12/18 v3.0.0 (rcs-revision 1.14)

(c:/texlive/2014/texmf-dist/tex/latex/pgf/basiclayer/pgfcore.sty
(c:/texlive/2014/texmf-dist/tex/latex/pgf/systemlayer/pgfsys.sty
(c:/texlive/2014/texmf-dist/tex/generic/pgf/systemlayer/pgfsys.code.tex
Package: pgfsys 2013/11/30 v3.0.0 (rcs-revision 1.47)

(c:/texlive/2014/texmf-dist/tex/generic/pgf/utilities/pgfkeys.code.tex
\pgfkeys@pathtoks=\toks37
\pgfkeys@temptoks=\toks38

(c:/texlive/2014/texmf-dist/tex/generic/pgf/utilities/pgfkeysfiltered.code.tex
\pgfkeys@tmptoks=\toks39
))
\pgf@x=\dimen130
\pgf@y=\dimen131
\pgf@xa=\dimen132
\pgf@ya=\dimen133
\pgf@xb=\dimen134
\pgf@yb=\dimen135
\pgf@xc=\dimen136
\pgf@yc=\dimen137
\w@pgf@writea=\write4
\r@pgf@reada=\read2
\c@pgf@counta=\count105
\c@pgf@countb=\count106
\c@pgf@countc=\count107
\c@pgf@countd=\count108
\t@pgf@toka=\toks40
\t@pgf@tokb=\toks41
\t@pgf@tokc=\toks42
 (c:/texlive/2014/texmf-dist/tex/generic/pgf/systemlayer/pgf.cfg
File: pgf.cfg 2008/05/14  (rcs-revision 1.7)
)
Driver file for pgf: pgfsys-pdftex.def

(c:/texlive/2014/texmf-dist/tex/generic/pgf/systemlayer/pgfsys-pdftex.def
File: pgfsys-pdftex.def 2013/07/18  (rcs-revision 1.33)

(c:/texlive/2014/texmf-dist/tex/generic/pgf/systemlayer/pgfsys-common-pdf.def
File: pgfsys-common-pdf.def 2013/10/10  (rcs-revision 1.13)
)))
(c:/texlive/2014/texmf-dist/tex/generic/pgf/systemlayer/pgfsyssoftpath.code.tex
File: pgfsyssoftpath.code.tex 2013/09/09  (rcs-revision 1.9)
\pgfsyssoftpath@smallbuffer@items=\count109
\pgfsyssoftpath@bigbuffer@items=\count110
)
(c:/texlive/2014/texmf-dist/tex/generic/pgf/systemlayer/pgfsysprotocol.code.tex
File: pgfsysprotocol.code.tex 2006/10/16  (rcs-revision 1.4)
)) (c:/texlive/2014/texmf-dist/tex/latex/xcolor/xcolor.sty
Package: xcolor 2007/01/21 v2.11 LaTeX color extensions (UK)

(c:/texlive/2014/texmf-dist/tex/latex/latexconfig/color.cfg
File: color.cfg 2007/01/18 v1.5 color configuration of teTeX/TeXLive
)
Package xcolor Info: Driver file: pdftex.def on input line 225.
Package xcolor Info: Model `cmy' substituted by `cmy0' on input line 1337.
Package xcolor Info: Model `hsb' substituted by `rgb' on input line 1341.
Package xcolor Info: Model `RGB' extended on input line 1353.
Package xcolor Info: Model `HTML' substituted by `rgb' on input line 1355.
Package xcolor Info: Model `Hsb' substituted by `hsb' on input line 1356.
Package xcolor Info: Model `tHsb' substituted by `hsb' on input line 1357.
Package xcolor Info: Model `HSB' substituted by `hsb' on input line 1358.
Package xcolor Info: Model `Gray' substituted by `gray' on input line 1359.
Package xcolor Info: Model `wave' substituted by `hsb' on input line 1360.
)
(c:/texlive/2014/texmf-dist/tex/generic/pgf/basiclayer/pgfcore.code.tex
Package: pgfcore 2010/04/11 v3.0.0 (rcs-revision 1.7)

(c:/texlive/2014/texmf-dist/tex/generic/pgf/math/pgfmath.code.tex
(c:/texlive/2014/texmf-dist/tex/generic/pgf/math/pgfmathcalc.code.tex
(c:/texlive/2014/texmf-dist/tex/generic/pgf/math/pgfmathutil.code.tex)
(c:/texlive/2014/texmf-dist/tex/generic/pgf/math/pgfmathparser.code.tex
\pgfmath@dimen=\dimen138
\pgfmath@count=\count111
\pgfmath@box=\box32
\pgfmath@toks=\toks43
\pgfmath@stack@operand=\toks44
\pgfmath@stack@operation=\toks45
)
(c:/texlive/2014/texmf-dist/tex/generic/pgf/math/pgfmathfunctions.code.tex
(c:/texlive/2014/texmf-dist/tex/generic/pgf/math/pgfmathfunctions.basic.code.te
x)
(c:/texlive/2014/texmf-dist/tex/generic/pgf/math/pgfmathfunctions.trigonometric
.code.tex)
(c:/texlive/2014/texmf-dist/tex/generic/pgf/math/pgfmathfunctions.random.code.t
ex)
(c:/texlive/2014/texmf-dist/tex/generic/pgf/math/pgfmathfunctions.comparison.co
de.tex)
(c:/texlive/2014/texmf-dist/tex/generic/pgf/math/pgfmathfunctions.base.code.tex
)
(c:/texlive/2014/texmf-dist/tex/generic/pgf/math/pgfmathfunctions.round.code.te
x)
(c:/texlive/2014/texmf-dist/tex/generic/pgf/math/pgfmathfunctions.misc.code.tex
)
(c:/texlive/2014/texmf-dist/tex/generic/pgf/math/pgfmathfunctions.integerarithm
etics.code.tex)))
(c:/texlive/2014/texmf-dist/tex/generic/pgf/math/pgfmathfloat.code.tex
\c@pgfmathroundto@lastzeros=\count112
))
(c:/texlive/2014/texmf-dist/tex/generic/pgf/basiclayer/pgfcorepoints.code.tex
File: pgfcorepoints.code.tex 2013/10/07  (rcs-revision 1.27)
\pgf@picminx=\dimen139
\pgf@picmaxx=\dimen140
\pgf@picminy=\dimen141
\pgf@picmaxy=\dimen142
\pgf@pathminx=\dimen143
\pgf@pathmaxx=\dimen144
\pgf@pathminy=\dimen145
\pgf@pathmaxy=\dimen146
\pgf@xx=\dimen147
\pgf@xy=\dimen148
\pgf@yx=\dimen149
\pgf@yy=\dimen150
\pgf@zx=\dimen151
\pgf@zy=\dimen152
)
(c:/texlive/2014/texmf-dist/tex/generic/pgf/basiclayer/pgfcorepathconstruct.cod
e.tex
File: pgfcorepathconstruct.code.tex 2013/10/07  (rcs-revision 1.29)
\pgf@path@lastx=\dimen153
\pgf@path@lasty=\dimen154
)
(c:/texlive/2014/texmf-dist/tex/generic/pgf/basiclayer/pgfcorepathusage.code.te
x
File: pgfcorepathusage.code.tex 2013/12/13  (rcs-revision 1.23)
\pgf@shorten@end@additional=\dimen155
\pgf@shorten@start@additional=\dimen156
)
(c:/texlive/2014/texmf-dist/tex/generic/pgf/basiclayer/pgfcorescopes.code.tex
File: pgfcorescopes.code.tex 2013/10/09  (rcs-revision 1.44)
\pgfpic=\box33
\pgf@hbox=\box34
\pgf@layerbox@main=\box35
\pgf@picture@serial@count=\count113
)
(c:/texlive/2014/texmf-dist/tex/generic/pgf/basiclayer/pgfcoregraphicstate.code
.tex
File: pgfcoregraphicstate.code.tex 2013/09/19  (rcs-revision 1.11)
\pgflinewidth=\dimen157
)
(c:/texlive/2014/texmf-dist/tex/generic/pgf/basiclayer/pgfcoretransformations.c
ode.tex
File: pgfcoretransformations.code.tex 2013/10/10  (rcs-revision 1.17)
\pgf@pt@x=\dimen158
\pgf@pt@y=\dimen159
\pgf@pt@temp=\dimen160
)
(c:/texlive/2014/texmf-dist/tex/generic/pgf/basiclayer/pgfcorequick.code.tex
File: pgfcorequick.code.tex 2008/10/09  (rcs-revision 1.3)
)
(c:/texlive/2014/texmf-dist/tex/generic/pgf/basiclayer/pgfcoreobjects.code.tex
File: pgfcoreobjects.code.tex 2006/10/11  (rcs-revision 1.2)
)
(c:/texlive/2014/texmf-dist/tex/generic/pgf/basiclayer/pgfcorepathprocessing.co
de.tex
File: pgfcorepathprocessing.code.tex 2013/09/09  (rcs-revision 1.9)
)
(c:/texlive/2014/texmf-dist/tex/generic/pgf/basiclayer/pgfcorearrows.code.tex
File: pgfcorearrows.code.tex 2013/11/07  (rcs-revision 1.40)
\pgfarrowsep=\dimen161
)
(c:/texlive/2014/texmf-dist/tex/generic/pgf/basiclayer/pgfcoreshade.code.tex
File: pgfcoreshade.code.tex 2013/07/15  (rcs-revision 1.15)
\pgf@max=\dimen162
\pgf@sys@shading@range@num=\count114
)
(c:/texlive/2014/texmf-dist/tex/generic/pgf/basiclayer/pgfcoreimage.code.tex
File: pgfcoreimage.code.tex 2013/07/15  (rcs-revision 1.18)

(c:/texlive/2014/texmf-dist/tex/generic/pgf/basiclayer/pgfcoreexternal.code.tex
File: pgfcoreexternal.code.tex 2013/07/15  (rcs-revision 1.20)
\pgfexternal@startupbox=\box36
))
(c:/texlive/2014/texmf-dist/tex/generic/pgf/basiclayer/pgfcorelayers.code.tex
File: pgfcorelayers.code.tex 2013/07/18  (rcs-revision 1.7)
)
(c:/texlive/2014/texmf-dist/tex/generic/pgf/basiclayer/pgfcoretransparency.code
.tex
File: pgfcoretransparency.code.tex 2013/09/30  (rcs-revision 1.5)
)
(c:/texlive/2014/texmf-dist/tex/generic/pgf/basiclayer/pgfcorepatterns.code.tex
File: pgfcorepatterns.code.tex 2013/11/07  (rcs-revision 1.5)
)))
(c:/texlive/2014/texmf-dist/tex/generic/pgf/modules/pgfmoduleshapes.code.tex
File: pgfmoduleshapes.code.tex 2013/10/31  (rcs-revision 1.34)
\pgfnodeparttextbox=\box37
)
(c:/texlive/2014/texmf-dist/tex/generic/pgf/modules/pgfmoduleplot.code.tex
File: pgfmoduleplot.code.tex 2013/07/31  (rcs-revision 1.12)
)
(c:/texlive/2014/texmf-dist/tex/latex/pgf/compatibility/pgfcomp-version-0-65.st
y
Package: pgfcomp-version-0-65 2007/07/03 v3.0.0 (rcs-revision 1.7)
\pgf@nodesepstart=\dimen163
\pgf@nodesepend=\dimen164
)
(c:/texlive/2014/texmf-dist/tex/latex/pgf/compatibility/pgfcomp-version-1-18.st
y
Package: pgfcomp-version-1-18 2007/07/23 v3.0.0 (rcs-revision 1.1)
)) (c:/texlive/2014/texmf-dist/tex/latex/pgf/utilities/pgffor.sty
(c:/texlive/2014/texmf-dist/tex/latex/pgf/utilities/pgfkeys.sty
(c:/texlive/2014/texmf-dist/tex/generic/pgf/utilities/pgfkeys.code.tex))
(c:/texlive/2014/texmf-dist/tex/latex/pgf/math/pgfmath.sty
(c:/texlive/2014/texmf-dist/tex/generic/pgf/math/pgfmath.code.tex))
(c:/texlive/2014/texmf-dist/tex/generic/pgf/utilities/pgffor.code.tex
Package: pgffor 2013/12/13 v3.0.0 (rcs-revision 1.25)

(c:/texlive/2014/texmf-dist/tex/generic/pgf/math/pgfmath.code.tex)
\pgffor@iter=\dimen165
\pgffor@skip=\dimen166
\pgffor@stack=\toks46
\pgffor@toks=\toks47
))
(c:/texlive/2014/texmf-dist/tex/generic/pgf/frontendlayer/tikz/tikz.code.tex
Package: tikz 2013/12/13 v3.0.0 (rcs-revision 1.142)

(c:/texlive/2014/texmf-dist/tex/generic/pgf/libraries/pgflibraryplothandlers.co
de.tex
File: pgflibraryplothandlers.code.tex 2013/08/31 v3.0.0 (rcs-revision 1.20)
\pgf@plot@mark@count=\count115
\pgfplotmarksize=\dimen167
)
\tikz@lastx=\dimen168
\tikz@lasty=\dimen169
\tikz@lastxsaved=\dimen170
\tikz@lastysaved=\dimen171
\tikzleveldistance=\dimen172
\tikzsiblingdistance=\dimen173
\tikz@figbox=\box38
\tikz@figbox@bg=\box39
\tikz@tempbox=\box40
\tikz@tempbox@bg=\box41
\tikztreelevel=\count116
\tikznumberofchildren=\count117
\tikznumberofcurrentchild=\count118
\tikz@fig@count=\count119

(c:/texlive/2014/texmf-dist/tex/generic/pgf/modules/pgfmodulematrix.code.tex
File: pgfmodulematrix.code.tex 2013/09/17  (rcs-revision 1.8)
\pgfmatrixcurrentrow=\count120
\pgfmatrixcurrentcolumn=\count121
\pgf@matrix@numberofcolumns=\count122
)
\tikz@expandcount=\count123

(c:/texlive/2014/texmf-dist/tex/generic/pgf/frontendlayer/tikz/libraries/tikzli
brarytopaths.code.tex
File: tikzlibrarytopaths.code.tex 2008/06/17 v3.0.0 (rcs-revision 1.2)
)))
(c:/texlive/2014/texmf-dist/tex/latex/placeins/placeins.sty
Package: placeins 2005/04/18  v 2.2
)
(c:/texlive/2014/texmf-dist/tex/latex/geometry/geometry.sty
Package: geometry 2010/09/12 v5.6 Page Geometry

(c:/texlive/2014/texmf-dist/tex/generic/oberdiek/ifpdf.sty
Package: ifpdf 2011/01/30 v2.3 Provides the ifpdf switch (HO)
Package ifpdf Info: pdfTeX in PDF mode is detected.
)
(c:/texlive/2014/texmf-dist/tex/generic/oberdiek/ifvtex.sty
Package: ifvtex 2010/03/01 v1.5 Detect VTeX and its facilities (HO)
Package ifvtex Info: VTeX not detected.
)
(c:/texlive/2014/texmf-dist/tex/generic/ifxetex/ifxetex.sty
Package: ifxetex 2010/09/12 v0.6 Provides ifxetex conditional
)
\Gm@cnth=\count124
\Gm@cntv=\count125
\c@Gm@tempcnt=\count126
\Gm@bindingoffset=\dimen174
\Gm@wd@mp=\dimen175
\Gm@odd@mp=\dimen176
\Gm@even@mp=\dimen177
\Gm@layoutwidth=\dimen178
\Gm@layoutheight=\dimen179
\Gm@layouthoffset=\dimen180
\Gm@layoutvoffset=\dimen181
\Gm@dimlist=\toks48
) (./mycommon.sty
\symlsymb=\mathgroup9
LaTeX Font Info:    Redeclaring math symbol \intop on input line 19.
LaTeX Font Info:    Redeclaring math symbol \ointop on input line 20.
LaTeX Font Info:    Redeclaring math symbol \smallint on input line 21.
)
(./style.sty (c:/texlive/2014/texmf-dist/tex/latex/subfigure/subfigure.sty
Package: subfigure 2002/03/15 v2.1.5 subfigure package
\subfigtopskip=\skip54
\subfigcapskip=\skip55
\subfigcaptopadj=\dimen182
\subfigbottomskip=\skip56
\subfigcapmargin=\dimen183
\subfiglabelskip=\skip57
\c@subfigure=\count127
\c@lofdepth=\count128
\c@subtable=\count129
\c@lotdepth=\count130

****************************************
* Local config file subfigure.cfg used *
****************************************
(c:/texlive/2014/texmf-dist/tex/latex/subfigure/subfigure.cfg)
\subfig@top=\skip58
\subfig@bottom=\skip59
)
(c:/texlive/2014/texmf-dist/tex/latex/tocloft/tocloft.sty
Package: tocloft 2013/05/02 v2.3f parameterised ToC, etc., typesetting
Package tocloft Info: The document has chapter divisions on input line 44.
\cftparskip=\skip60
\cftbeforetoctitleskip=\skip61
\cftaftertoctitleskip=\skip62
\cftbeforepartskip=\skip63
\cftpartnumwidth=\skip64
\cftpartindent=\skip65
\cftbeforechapskip=\skip66
\cftchapindent=\skip67
\cftchapnumwidth=\skip68
\cftbeforesecskip=\skip69
\cftsecindent=\skip70
\cftsecnumwidth=\skip71
\cftbeforesubsecskip=\skip72
\cftsubsecindent=\skip73
\cftsubsecnumwidth=\skip74
\cftbeforesubsubsecskip=\skip75
\cftsubsubsecindent=\skip76
\cftsubsubsecnumwidth=\skip77
\cftbeforeparaskip=\skip78
\cftparaindent=\skip79
\cftparanumwidth=\skip80
\cftbeforesubparaskip=\skip81
\cftsubparaindent=\skip82
\cftsubparanumwidth=\skip83
\cftbeforeloftitleskip=\skip84
\cftafterloftitleskip=\skip85
\cftbeforefigskip=\skip86
\cftfigindent=\skip87
\cftfignumwidth=\skip88
\cftbeforelottitleskip=\skip89
\cftafterlottitleskip=\skip90
\cftbeforetabskip=\skip91
\cfttabindent=\skip92
\cfttabnumwidth=\skip93
\cftbeforesubfigskip=\skip94
\cftsubfigindent=\skip95
\cftsubfignumwidth=\skip96
\cftbeforesubtabskip=\skip97
\cftsubtabindent=\skip98
\cftsubtabnumwidth=\skip99
)
(c:/texlive/2014/texmf-dist/tex/latex/newfile/newfile.sty
Package: newfile 2009/09/03 v1.0c Output and input files

(c:/texlive/2014/texmf-dist/tex/latex/tools/verbatim.sty
Package: verbatim 2003/08/22 v1.5q LaTeX2e package for verbatim enhancements
\every@verbatim=\toks49
\verbatim@line=\toks50
\verbatim@in@stream=\read3
)
\c@streamvline=\count131
)
\c@authors=\count132
)
(c:/texlive/2014/texmf-dist/tex/latex/jknapltx/mathrsfs.sty
Package: mathrsfs 1996/01/01 Math RSFS package v1.0 (jk)
\symrsfs=\mathgroup10
)
(c:/texlive/2014/texmf-dist/tex/latex/tools/bm.sty
Package: bm 2004/02/26 v1.1c Bold Symbol Support (DPC/FMi)
\symboldoperators=\mathgroup11
\symboldletters=\mathgroup12
\symboldsymbols=\mathgroup13
LaTeX Font Info:    Redeclaring math alphabet \mathbf on input line 137.
LaTeX Info: Redefining \bm on input line 203.
)
\c@theorem=\count133
\c@definition=\count134
\c@notation=\count135
 (./main.aux

LaTeX Warning: Label `eq:16_3' multiply defined.


LaTeX Warning: Label `eq:23' multiply defined.


LaTeX Warning: Label `eq:16_3' multiply defined.


LaTeX Warning: Label `eq:23.1' multiply defined.


LaTeX Warning: Label `eq:23.2' multiply defined.


LaTeX Warning: Label `eq:1_3' multiply defined.


LaTeX Warning: Label `kul' multiply defined.


LaTeX Warning: Label `lev' multiply defined.


LaTeX Warning: Label `ska' multiply defined.


LaTeX Warning: Label `kas' multiply defined.


LaTeX Warning: Label `gel1' multiply defined.


LaTeX Warning: Label `gel2' multiply defined.


LaTeX Warning: Label `vla' multiply defined.

(./authors.aux) (./links.aux))
\openout1 = `main.aux'.

LaTeX Font Info:    Checking defaults for OML/cmm/m/it on input line 41.
LaTeX Font Info:    ... okay on input line 41.
LaTeX Font Info:    Checking defaults for T1/cmr/m/n on input line 41.
LaTeX Font Info:    ... okay on input line 41.
LaTeX Font Info:    Checking defaults for OT1/cmr/m/n on input line 41.
LaTeX Font Info:    ... okay on input line 41.
LaTeX Font Info:    Checking defaults for OMS/cmsy/m/n on input line 41.
LaTeX Font Info:    ... okay on input line 41.
LaTeX Font Info:    Checking defaults for OMX/cmex/m/n on input line 41.
LaTeX Font Info:    ... okay on input line 41.
LaTeX Font Info:    Checking defaults for U/cmr/m/n on input line 41.
LaTeX Font Info:    ... okay on input line 41.
LaTeX Font Info:    Checking defaults for T2A/cmr/m/n on input line 41.
LaTeX Font Info:    ... okay on input line 41.
Package caption Info: Begin \AtBeginDocument code.
Package caption Info: subfigure package is loaded.
Package caption Info: wrapfig package is loaded.
Package caption Info: End \AtBeginDocument code.

(c:/texlive/2014/texmf-dist/tex/context/base/supp-pdf.mkii
[Loading MPS to PDF converter (version 2006.09.02).]
\scratchcounter=\count136
\scratchdimen=\dimen184
\scratchbox=\box42
\nofMPsegments=\count137
\nofMParguments=\count138
\everyMPshowfont=\toks51
\MPscratchCnt=\count139
\MPscratchDim=\dimen185
\MPnumerator=\count140
\makeMPintoPDFobject=\count141
\everyMPtoPDFconversion=\toks52
) (c:/texlive/2014/texmf-dist/tex/generic/oberdiek/pdftexcmds.sty
Package: pdftexcmds 2011/11/29 v0.20 Utility functions of pdfTeX for LuaTeX (HO
)

(c:/texlive/2014/texmf-dist/tex/generic/oberdiek/ifluatex.sty
Package: ifluatex 2010/03/01 v1.3 Provides the ifluatex switch (HO)
Package ifluatex Info: LuaTeX not detected.
)
Package pdftexcmds Info: LuaTeX not detected.
Package pdftexcmds Info: \pdf@primitive is available.
Package pdftexcmds Info: \pdf@ifprimitive is available.
Package pdftexcmds Info: \pdfdraftmode found.
)
(c:/texlive/2014/texmf-dist/tex/latex/oberdiek/epstopdf-base.sty
Package: epstopdf-base 2010/02/09 v2.5 Base part for package epstopdf

(c:/texlive/2014/texmf-dist/tex/latex/oberdiek/grfext.sty
Package: grfext 2010/08/19 v1.1 Manage graphics extensions (HO)

(c:/texlive/2014/texmf-dist/tex/generic/oberdiek/kvdefinekeys.sty
Package: kvdefinekeys 2011/04/07 v1.3 Define keys (HO)
))
(c:/texlive/2014/texmf-dist/tex/latex/oberdiek/kvoptions.sty
Package: kvoptions 2011/06/30 v3.11 Key value format for package options (HO)

(c:/texlive/2014/texmf-dist/tex/generic/oberdiek/kvsetkeys.sty
Package: kvsetkeys 2012/04/25 v1.16 Key value parser (HO)

(c:/texlive/2014/texmf-dist/tex/generic/oberdiek/etexcmds.sty
Package: etexcmds 2011/02/16 v1.5 Avoid name clashes with e-TeX commands (HO)
Package etexcmds Info: Could not find \expanded.
(etexcmds)             That can mean that you are not using pdfTeX 1.50 or
(etexcmds)             that some package has redefined \expanded.
(etexcmds)             In the latter case, load this package earlier.
)))
Package grfext Info: Graphics extension search list:
(grfext)             [.png,.pdf,.jpg,.mps,.jpeg,.jbig2,.jb2,.PNG,.PDF,.JPG,.JPE
G,.JBIG2,.JB2,.eps]
(grfext)             \AppendGraphicsExtensions on input line 452.

(c:/texlive/2014/texmf-dist/tex/latex/latexconfig/epstopdf-sys.cfg
File: epstopdf-sys.cfg 2010/07/13 v1.3 Configuration of (r)epstopdf for TeX Liv
e
))
ABD: EveryShipout initializing macros
*geometry* detected driver: pdftex
*geometry* verbose mode - [ preamble ] result:
* driver: pdftex
* paper: a4paper
* layout: <same size as paper>
* layoutoffset:(h,v)=(0.0pt,0.0pt)
* modes: twoside 
* h-part:(L,W,R)=(72.26999pt, 452.9679pt, 72.26999pt)
* v-part:(T,H,B)=(72.26999pt, 715.87135pt, 56.9055pt)
* \paperwidth=597.50787pt
* \paperheight=845.04684pt
* \textwidth=452.9679pt
* \textheight=715.87135pt
* \oddsidemargin=0.0pt
* \evensidemargin=0.0pt
* \topmargin=-31.8738pt
* \headheight=12.0pt
* \headsep=13.6pt
* \topskip=11.0pt
* \footskip=27.46295pt
* \marginparwidth=106.0pt
* \marginparsep=7.0pt
* \columnsep=10.0pt
* \skip\footins=10.0pt plus 4.0pt minus 2.0pt
* \hoffset=0.0pt
* \voffset=0.0pt
* \mag=1000
* \@twocolumnfalse
* \@twosidetrue
* \@mparswitchtrue
* \@reversemarginfalse
* (1in=72.27pt=25.4mm, 1cm=28.453pt)

<<ot1.cmap>><<oml.cmap>><<oms.cmap>><<omx.cmap>>
LaTeX Font Info:    Try loading font information for U+msa on input line 51.

(c:/texlive/2014/texmf-dist/tex/latex/amsfonts/umsa.fd
File: umsa.fd 2013/01/14 v3.01 AMS symbols A
)
LaTeX Font Info:    Try loading font information for U+msb on input line 51.

(c:/texlive/2014/texmf-dist/tex/latex/amsfonts/umsb.fd
File: umsb.fd 2013/01/14 v3.01 AMS symbols B
)
LaTeX Font Info:    Try loading font information for OML+cmr on input line 51.

(c:/texlive/2014/texmf-dist/tex/latex/base/omlcmr.fd
File: omlcmr.fd 1999/05/25 v2.5h Standard LaTeX font definitions
)
LaTeX Font Info:    Font shape `OML/cmr/m/n' in size <10.95> not available
(Font)              Font shape `OML/cmm/m/it' tried instead on input line 51.
LaTeX Font Info:    Font shape `OML/cmr/m/n' in size <8> not available
(Font)              Font shape `OML/cmm/m/it' tried instead on input line 51.
LaTeX Font Info:    Font shape `OML/cmr/m/n' in size <6> not available
(Font)              Font shape `OML/cmm/m/it' tried instead on input line 51.
LaTeX Font Info:    Try loading font information for OMS+cmr on input line 51.

(c:/texlive/2014/texmf-dist/tex/latex/base/omscmr.fd
File: omscmr.fd 1999/05/25 v2.5h Standard LaTeX font definitions
)
LaTeX Font Info:    Font shape `OMS/cmr/m/n' in size <10.95> not available
(Font)              Font shape `OMS/cmsy/m/n' tried instead on input line 51.
LaTeX Font Info:    Font shape `OMS/cmr/m/n' in size <8> not available
(Font)              Font shape `OMS/cmsy/m/n' tried instead on input line 51.
LaTeX Font Info:    Font shape `OMS/cmr/m/n' in size <6> not available
(Font)              Font shape `OMS/cmsy/m/n' tried instead on input line 51.
LaTeX Font Info:    Try loading font information for U+euex on input line 51.

(c:/texlive/2014/texmf-dist/tex/latex/amsfonts/ueuex.fd
File: ueuex.fd 2013/01/14 v3.01 Euler extra symbols
)
LaTeX Font Info:    Try loading font information for U+rsfs on input line 51.

(c:/texlive/2014/texmf-dist/tex/latex/jknapltx/ursfs.fd
File: ursfs.fd 1998/03/24 rsfs font definition file (jk)
)
LaTeX Font Info:    Font shape `OML/cmr/m/n' in size <9> not available
(Font)              Font shape `OML/cmm/m/it' tried instead on input line 51.
LaTeX Font Info:    Font shape `OML/cmr/m/n' in size <5> not available
(Font)              Font shape `OML/cmm/m/it' tried instead on input line 51.
LaTeX Font Info:    Font shape `OMS/cmr/m/n' in size <9> not available
(Font)              Font shape `OMS/cmsy/m/n' tried instead on input line 51.
LaTeX Font Info:    Font shape `OMS/cmr/m/n' in size <5> not available
(Font)              Font shape `OMS/cmsy/m/n' tried instead on input line 51.
 (./skalko/skalko.tex
[1{c:/texlive/2014/texmf-var/fonts/map/pdftex/updmap/pdftex.map}


] [2]
Underfull \hbox (badness 1515) in paragraph at lines 135--138
[]\T2A/cmr/m/n/10.95 Сформулированную по-ста-нов-ку бу-дем, сле-дуя [1], на-зы-
вать обоб-щен-ной за-да-чей
 []


Underfull \hbox (badness 2538) in paragraph at lines 151--157
\T2A/cmr/m/it/10.95 стве $[] []$. При этом функ-ци-о-нал $\OT1/cmr/bx/n/10.95 f
$ \T2A/cmr/m/it/10.95 дей-ству-ет на ос-нов-ную вектор-функцию
 []


Underfull \hbox (badness 5771) in paragraph at lines 167--172
\T2A/cmr/m/it/10.95 му урав-не-нию в обоб-щен-ном смыс-ле, т.е. для про-из-воль
-ной ос-нов-ной функ-ции
 []

[3] [4]
Underfull \hbox (badness 6001) in paragraph at lines 277--278
[]\T2A/cmr/m/n/10.95 Построим фун-да-мен-таль-ное ре-ше-ние опе-ра-то-ра за-да-
чи []. Обозначим че-рез
 []


Underfull \hbox (badness 1616) in paragraph at lines 277--278
\T2A/cmr/m/n/10.95 Выполним пре-об-ра-зо-ва-ние Фурье урав-не-ний [] по про-стр
ан-ствен-ным пе-ре-мен-ным.
 []

[5]
Overfull \hbox (23.9693pt too wide) detected at line 366
[] [] \OT1/cmr/m/n/10.95 = [] []
 []

[6]
Underfull \hbox (badness 10000) in paragraph at lines 461--463
[]\T2A/cmr/bx/n/10.95 Лемма 3. []\T2A/cmr/m/it/10.95 Пусть $\OML/cmm/m/it/10.95
 v\OT1/cmr/m/n/10.95 (\OML/cmm/m/it/10.95 t; \OT1/cmr/bx/n/10.95 x\OT1/cmr/m/n/
10.95 )$ \T2A/cmr/m/it/10.95 - ло-каль-но ин-те-гри-ру-е-мая функ-ция в $\OML/c
mm/m/it/10.95 R[]$ \T2A/cmr/m/it/10.95 и
 []

[7] [8] [9]
Underfull \hbox (badness 1077) in paragraph at lines 840--841
[]\T2A/cmr/m/n/10.95 Необходимым усло-ви-ем су-ще-ство-ва-ния од-но-знач-но-го 
ре-ше-ния обоб-щен-ной за-да-чи
 []


Underfull \hbox (badness 7740) in paragraph at lines 875--878
\T2A/cmr/m/n/10.95 На ос-но-ва-нии утвер-жде-ний Леммы 2[] и Леммы 3[], а так-ж
е, учи-ты-вая, что
 []

[10] [11] [12] [13] [14]
Underfull \hbox (badness 3428) in paragraph at lines 1227--1230
[]\T2A/cmr/m/it/10.95 Скалько Ю.И. \T2A/cmr/m/n/10.95 Корректные усло-вия на гр
а-ни-це, раз-де-ля-ю-щей под-об-ла-сти //
 []

[15]) [16]
\openout2 = `authors.aux'.

 (./authors.tex
LaTeX Font Info:    Font shape `OML/cmr/m/n' in size <10> not available
(Font)              Font shape `OML/cmm/m/it' tried instead on input line 20.
LaTeX Font Info:    Font shape `OML/cmr/m/n' in size <7> not available
(Font)              Font shape `OML/cmm/m/it' tried instead on input line 20.
LaTeX Font Info:    Font shape `OMS/cmr/m/n' in size <10> not available
(Font)              Font shape `OMS/cmsy/m/n' tried instead on input line 20.
LaTeX Font Info:    Font shape `OMS/cmr/m/n' in size <7> not available
(Font)              Font shape `OMS/cmsy/m/n' tried instead on input line 20.
) [17


]
\openout2 = `links.aux'.

 (./links.tex) [18



] (./main.aux (./authors.aux)
(./links.aux))

LaTeX Warning: There were multiply-defined labels.

 ) 
Here is how much of TeX's memory you used:
 16413 strings out of 493117
 299981 string characters out of 6138984
 354756 words of memory out of 5000000
 19348 multiletter control sequences out of 15000+600000
 34814 words of font info for 101 fonts, out of 8000000 for 9000
 1141 hyphenation exceptions out of 8191
 55i,15n,54p,1326b,409s stack positions out of 5000i,500n,10000p,200000b,80000s
{c:/texlive/2014/texmf-dist/fonts/enc/dvips/cm-super/cm-super-t2a.enc}<c:/tex
live/2014/texmf-dist/fonts/type1/public/amsfonts/cm/cmbx10.pfb><c:/texlive/2014
/texmf-dist/fonts/type1/public/amsfonts/cm/cmbx12.pfb><c:/texlive/2014/texmf-di
st/fonts/type1/public/amsfonts/cm/cmbx8.pfb><c:/texlive/2014/texmf-dist/fonts/t
ype1/public/amsfonts/cm/cmex10.pfb><c:/texlive/2014/texmf-dist/fonts/type1/publ
ic/amsfonts/cm/cmmi10.pfb><c:/texlive/2014/texmf-dist/fonts/type1/public/amsfon
ts/cm/cmmi6.pfb><c:/texlive/2014/texmf-dist/fonts/type1/public/amsfonts/cm/cmmi
8.pfb><c:/texlive/2014/texmf-dist/fonts/type1/public/amsfonts/cm/cmmib10.pfb><c
:/texlive/2014/texmf-dist/fonts/type1/public/amsfonts/cmextra/cmmib8.pfb><c:/te
xlive/2014/texmf-dist/fonts/type1/public/amsfonts/cm/cmr10.pfb><c:/texlive/2014
/texmf-dist/fonts/type1/public/amsfonts/cm/cmr6.pfb><c:/texlive/2014/texmf-dist
/fonts/type1/public/amsfonts/cm/cmr8.pfb><c:/texlive/2014/texmf-dist/fonts/type
1/public/amsfonts/cm/cmsy10.pfb><c:/texlive/2014/texmf-dist/fonts/type1/public/
amsfonts/cm/cmsy6.pfb><c:/texlive/2014/texmf-dist/fonts/type1/public/amsfonts/c
m/cmsy8.pfb><c:/texlive/2014/texmf-dist/fonts/type1/public/amsfonts/cm/cmti10.p
fb><c:/texlive/2014/texmf-dist/fonts/type1/public/amsfonts/euler/euex10.pfb><c:
/texlive/2014/texmf-dist/fonts/type1/public/amsfonts/symbols/msam10.pfb><c:/tex
live/2014/texmf-dist/fonts/type1/public/rsfs/rsfs10.pfb><c:/texlive/2014/texmf-
dist/fonts/type1/public/cm-super/sfbx1000.pfb><c:/texlive/2014/texmf-dist/fonts
/type1/public/cm-super/sfbx1095.pfb><c:/texlive/2014/texmf-dist/fonts/type1/pub
lic/cm-super/sfbx1200.pfb><c:/texlive/2014/texmf-dist/fonts/type1/public/cm-sup
er/sfbx1440.pfb><c:/texlive/2014/texmf-dist/fonts/type1/public/cm-super/sfrm090
0.pfb><c:/texlive/2014/texmf-dist/fonts/type1/public/cm-super/sfrm1000.pfb><c:/
texlive/2014/texmf-dist/fonts/type1/public/cm-super/sfrm1095.pfb><c:/texlive/20
14/texmf-dist/fonts/type1/public/cm-super/sfsl1095.pfb><c:/texlive/2014/texmf-d
ist/fonts/type1/public/cm-super/sfti1000.pfb><c:/texlive/2014/texmf-dist/fonts/
type1/public/cm-super/sfti1095.pfb>
Output written on main.pdf (18 pages, 490731 bytes).
PDF statistics:
 188 PDF objects out of 1000 (max. 8388607)
 132 compressed objects within 2 object streams
 0 named destinations out of 1000 (max. 500000)
 33 words of extra memory for PDF output out of 10000 (max. 10000000)

